<?xml version="1.0" encoding="UTF-8"?>
<testsuites>
  <testsuite name="Carousel_model_test" file="/opt/lampp/htdocs/gianyarkab/application/tests/models/Carousel_model_test.php" tests="5" assertions="9" errors="0" failures="0" skipped="0" time="2.854126">
    <testcase name="test_WhenGetAllCarouselThenGetOneCarousel" class="Carousel_model_test" classname="Carousel_model_test" file="/opt/lampp/htdocs/gianyarkab/application/tests/models/Carousel_model_test.php" line="25" assertions="1" time="0.448312"/>
    <testcase name="test_WhenSetCarouselThenGetTwoCarousel" class="Carousel_model_test" classname="Carousel_model_test" file="/opt/lampp/htdocs/gianyarkab/application/tests/models/Carousel_model_test.php" line="31" assertions="2" time="0.550820"/>
    <testcase name="test_WhenGetCarouselByIdThenGetTheSpecificCarousel" class="Carousel_model_test" classname="Carousel_model_test" file="/opt/lampp/htdocs/gianyarkab/application/tests/models/Carousel_model_test.php" line="43" assertions="2" time="0.531535"/>
    <testcase name="test_WhenUpdateCarouselThenCarouselChanged" class="Carousel_model_test" classname="Carousel_model_test" file="/opt/lampp/htdocs/gianyarkab/application/tests/models/Carousel_model_test.php" line="51" assertions="2" time="0.678659"/>
    <testcase name="test_WhenDeleteCarouselThenGetOneCarousel" class="Carousel_model_test" classname="Carousel_model_test" file="/opt/lampp/htdocs/gianyarkab/application/tests/models/Carousel_model_test.php" line="70" assertions="2" time="0.644800"/>
  </testsuite>
</testsuites>
