<?xml version="1.0" encoding="UTF-8"?>
<testsuites>
  <testsuite name="Kritik_saran_model_test" file="/opt/lampp/htdocs/gianyarkab/application/tests/models/Kritik_saran_model_test.php" tests="5" assertions="9" errors="0" failures="0" skipped="0" time="3.586942">
    <testcase name="test_WhenGetAllKritikSaranThenGetOneKritikSaran" class="Kritik_saran_model_test" classname="Kritik_saran_model_test" file="/opt/lampp/htdocs/gianyarkab/application/tests/models/Kritik_saran_model_test.php" line="24" assertions="1" time="0.617155"/>
    <testcase name="test_WhenSetKritikSaranThenGetTwoKritikSaran" class="Kritik_saran_model_test" classname="Kritik_saran_model_test" file="/opt/lampp/htdocs/gianyarkab/application/tests/models/Kritik_saran_model_test.php" line="30" assertions="2" time="0.741265"/>
    <testcase name="test_WhenGetKritikSaranByIdThenGetTheSpecificKritikSaran" class="Kritik_saran_model_test" classname="Kritik_saran_model_test" file="/opt/lampp/htdocs/gianyarkab/application/tests/models/Kritik_saran_model_test.php" line="45" assertions="2" time="0.637435"/>
    <testcase name="test_WhenUpdateKritikSaranThenKritikSaranChanged" class="Kritik_saran_model_test" classname="Kritik_saran_model_test" file="/opt/lampp/htdocs/gianyarkab/application/tests/models/Kritik_saran_model_test.php" line="52" assertions="2" time="0.826228"/>
    <testcase name="test_WhenDeleteKritikSaranThenGetOneKritikSaran" class="Kritik_saran_model_test" classname="Kritik_saran_model_test" file="/opt/lampp/htdocs/gianyarkab/application/tests/models/Kritik_saran_model_test.php" line="73" assertions="2" time="0.764859"/>
  </testsuite>
</testsuites>
